# On branch rakesh
# Changes to be committed:
#
#	modified:   assets/css/styles.css
#
# Unmerged paths:
#   (use "git add/rm <file>..." as appropriate to mark resolution)
#
#	both modified:      home.html
#
# Changes not staged for commit:
#   (use "git add/rm <file>..." to update what will be committed)
#   (use "git checkout -- <file>..." to discard changes in working directory)
#
#	modified:   assets/css/styles.css
#	deleted:    assets/images/Rushabh_Hathi.jpg
#	modified:   assets/images/amol.jpg
#	deleted:    assets/images/amol_bhor.jpg
#	deleted:    assets/images/arijit_lahiri.jpg
#	modified:   assets/images/arun.jpg
#	deleted:    assets/images/arunkumar_balasubramanian.jpg
#	deleted:    assets/images/ashwin_kumar.jpg
#	deleted:    assets/images/deepak_gawas.jpg
#	deleted:    assets/images/dipanwita_kar.jpg
#	modified:   assets/images/kamalika.jpg
#	deleted:    assets/images/nikunj_thakkar.jpg
#	deleted:    assets/images/nilesh_panchal.jpg
#	deleted:    assets/images/perseus_vazifdar.jpg
#	modified:   assets/images/rakesh.jpg
#	deleted:    assets/images/rakesh1.jpg
#	deleted:    assets/images/rakesh_rengaraj.jpg
#	deleted:    assets/images/rushabh_hathi.png
#	deleted:    assets/images/sunny_singh.jpg
#	deleted:    assets/images/swapnil_domade.png
#
# Untracked files:
#   (use "git add <file>..." to include in what will be committed)
#
#	assets/images/arijit.jpg
#	assets/images/ashwin.jpg
#	assets/images/deepak.jpg
#	assets/images/dipanwita.jpg
#	assets/images/nikunj.jpg
#	assets/images/nilesh.jpg
#	assets/images/perseus.jpg
#	assets/images/rushabh.jpg
#	assets/images/sunny.jpg
#	assets/images/swapnil.jpg
#	assets/images/yashodeep.jpg
